# JRE version: OpenJDK Runtime Environment Temurin-17+35 (17.0+35) (build 17+35)
# Java VM: OpenJDK 64-Bit Server VM Temurin-17+35 (17+35, mixed mode, tiered, compressed oops, compressed class ptrs, g1 gc, windows-amd64)
GC Precious Log:
 CPUs: 4 total, 4 available
 Memory: 3945M
 Large Page Support: Disabled
 NUMA Support: Disabled
 Compressed Oops: Enabled (32-bit)
 Heap Region Size: 1M
 Heap Min Capacity: 8M
 Heap Initial Capacity: 62M
 Heap Max Capacity: 988M
 Pre-touch: Disabled
 Parallel Workers: 4
 Concurrent Workers: 1
 Concurrent Refinement Workers: 4
 Periodic GC: Disabled
Heap:
 garbage-first heap   total 46080K, used 37077K [0x00000000c2400000, 0x0000000100000000)
  region size 1024K, 9 young (9216K), 1 survivors (1024K)
 Metaspace       used 31381K, committed 31616K, reserved 1081344K
  class space    used 3593K, committed 3712K, reserved 1048576K
GC Heap History (12 events):
Event: 1.166 GC heap before
{Heap before GC invocations=0 (full 0):
 garbage-first heap   total 63488K, used 12288K [0x00000000c2400000, 0x0000000100000000)
  region size 1024K, 13 young (13312K), 0 survivors (0K)
 Metaspace       used 10344K, committed 10496K, reserved 1064960K
  class space    used 957K, committed 1024K, reserved 1048576K
}
Event: 1.171 GC heap after
{Heap after GC invocations=1 (full 0):
 garbage-first heap   total 63488K, used 6500K [0x00000000c2400000, 0x0000000100000000)
  region size 1024K, 2 young (2048K), 2 survivors (2048K)
 Metaspace       used 10344K, committed 10496K, reserved 1064960K
  class space    used 957K, committed 1024K, reserved 1048576K
}
Event: 1.501 GC heap before
{Heap before GC invocations=1 (full 0):
 garbage-first heap   total 63488K, used 15716K [0x00000000c2400000, 0x0000000100000000)
  region size 1024K, 12 young (12288K), 2 survivors (2048K)
 Metaspace       used 13941K, committed 14144K, reserved 1064960K
  class space    used 1320K, committed 1408K, reserved 1048576K
}
Event: 1.505 GC heap after
{Heap after GC invocations=2 (full 0):
 garbage-first heap   total 63488K, used 7429K [0x00000000c2400000, 0x0000000100000000)
  region size 1024K, 1 young (1024K), 1 survivors (1024K)
 Metaspace       used 13941K, committed 14144K, reserved 1064960K
  class space    used 1320K, committed 1408K, reserved 1048576K
}
Event: 2.210 GC heap before
{Heap before GC invocations=2 (full 0):
 garbage-first heap   total 63488K, used 25861K [0x00000000c2400000, 0x0000000100000000)
  region size 1024K, 20 young (20480K), 1 survivors (1024K)
 Metaspace       used 18296K, committed 18560K, reserved 1073152K
  class space    used 1888K, committed 1984K, reserved 1048576K
}
Event: 2.216 GC heap after
{Heap after GC invocations=3 (full 0):
 garbage-first heap   total 63488K, used 10240K [0x00000000c2400000, 0x0000000100000000)
  region size 1024K, 3 young (3072K), 3 survivors (3072K)
 Metaspace       used 18296K, committed 18560K, reserved 1073152K
  class space    used 1888K, committed 1984K, reserved 1048576K
}
Event: 2.482 GC heap before
{Heap before GC invocations=3 (full 0):
 garbage-first heap   total 63488K, used 16384K [0x00000000c2400000, 0x0000000100000000)
  region size 1024K, 11 young (11264K), 3 survivors (3072K)
 Metaspace       used 21314K, committed 21504K, reserved 1073152K
  class space    used 2239K, committed 2368K, reserved 1048576K
}
Event: 2.487 GC heap after
{Heap after GC invocations=4 (full 0):
 garbage-first heap   total 63488K, used 9633K [0x00000000c2400000, 0x0000000100000000)
  region size 1024K, 1 young (1024K), 1 survivors (1024K)
 Metaspace       used 21314K, committed 21504K, reserved 1073152K
  class space    used 2239K, committed 2368K, reserved 1048576K
}
Event: 4.891 GC heap before
{Heap before GC invocations=5 (full 0):
 garbage-first heap   total 37888K, used 28065K [0x00000000c2400000, 0x0000000100000000)
  region size 1024K, 20 young (20480K), 1 survivors (1024K)
 Metaspace       used 26943K, committed 27136K, reserved 1073152K
  class space    used 2969K, committed 3072K, reserved 1048576K
}
Event: 4.897 GC heap after
{Heap after GC invocations=6 (full 0):
 garbage-first heap   total 37888K, used 11681K [0x00000000c2400000, 0x0000000100000000)
  region size 1024K, 3 young (3072K), 3 survivors (3072K)
 Metaspace       used 26943K, committed 27136K, reserved 1073152K
  class space    used 2969K, committed 3072K, reserved 1048576K
}
Event: 5.205 GC heap before
{Heap before GC invocations=6 (full 0):
 garbage-first heap   total 37888K, used 20897K [0x00000000c2400000, 0x0000000100000000)
  region size 1024K, 14 young (14336K), 3 survivors (3072K)
 Metaspace       used 29575K, committed 29824K, reserved 1081344K
  class space    used 3339K, committed 3456K, reserved 1048576K
}
Event: 5.210 GC heap after
{Heap after GC invocations=7 (full 0):
 garbage-first heap   total 37888K, used 12501K [0x00000000c2400000, 0x0000000100000000)
  region size 1024K, 1 young (1024K), 1 survivors (1024K)
 Metaspace       used 29575K, committed 29824K, reserved 1081344K
  class space    used 3339K, committed 3456K, reserved 1048576K
}

